<?xml version="1.0" encoding="UTF-8"?>
<!-- Generated by org.testng.reporters.JUnitReportReporter -->
<testsuite hostname="DESKTOP-835H1HG" failures="0" tests="1" name="org.testing.TestScripts.TC1" time="85.105" errors="0" timestamp="2024-02-22T14:46:09 IST" skipped="0">
  <testcase classname="org.testing.TestScripts.TC1" name="videoplay" time="85.105"/>
</testsuite> <!-- org.testing.TestScripts.TC1 -->
