<?xml version="1.0" encoding="UTF-8"?>
<!-- Generated by org.testng.reporters.JUnitReportReporter -->
<testsuite hostname="DESKTOP-835H1HG" failures="0" tests="1" name="org.testing.TestScripts.TC7" time="38.077" errors="0" timestamp="2024-02-22T14:40:14 IST" skipped="0">
  <testcase classname="org.testing.TestScripts.TC7" name="videoplay" time="38.077"/>
</testsuite> <!-- org.testing.TestScripts.TC7 -->
