<?xml version="1.0" encoding="UTF-8"?>
<!-- Generated by org.testng.reporters.JUnitReportReporter -->
<testsuite hostname="DESKTOP-835H1HG" failures="0" tests="2" name="Demo.youtube" time="73.989" errors="0" timestamp="2024-01-27T18:05:47 IST" skipped="0">
  <testcase classname="Demo.youtube" name="Test1" time="32.136"/>
  <testcase classname="Demo.youtube" name="Test2" time="41.853"/>
</testsuite> <!-- Demo.youtube -->
