<?xml version="1.0" encoding="UTF-8"?>
<!-- Generated by org.testng.reporters.JUnitReportReporter -->
<testsuite hostname="DESKTOP-835H1HG" failures="0" tests="1" name="org.testing.Testscripts.TestScripts" time="117.571" errors="0" timestamp="2024-02-22T11:09:07 IST" skipped="0">
  <testcase classname="org.testing.Testscripts.TestScripts" name="test" time="117.571"/>
</testsuite> <!-- org.testing.Testscripts.TestScripts -->
