<?xml version="1.0" encoding="UTF-8"?>
<!-- Generated by org.testng.reporters.JUnitReportReporter -->
<testsuite hostname="DESKTOP-835H1HG" failures="0" tests="1" name="org.testing.TestScripts.Youbutton" time="76.465" errors="0" timestamp="2024-02-29T16:20:05 IST" skipped="0">
  <testcase classname="org.testing.TestScripts.Youbutton" name="You" time="76.465"/>
</testsuite> <!-- org.testing.TestScripts.Youbutton -->
