<?xml version="1.0" encoding="UTF-8"?>
<!-- Generated by org.testng.reporters.JUnitReportReporter -->
<testsuite hostname="DESKTOP-835H1HG" failures="0" tests="1" name="org.testing.TestScripts.TC4" time="40.395" errors="0" timestamp="2024-02-22T14:40:14 IST" skipped="0">
  <testcase classname="org.testing.TestScripts.TC4" name="videoplay" time="40.395"/>
</testsuite> <!-- org.testing.TestScripts.TC4 -->
