<?xml version="1.0" encoding="UTF-8"?>
<!-- Generated by org.testng.reporters.JUnitReportReporter -->
<testsuite hostname="DESKTOP-835H1HG" failures="0" tests="1" name="Demo.Annotaions" time="0.044" errors="0" timestamp="2023-09-06T13:56:33 IST" skipped="0">
  <testcase classname="Demo.Annotaions" name="Test" time="0.044"/>
</testsuite> <!-- Demo.Annotaions -->
