<?xml version="1.0" encoding="UTF-8"?>
<!-- Generated by org.testng.reporters.JUnitReportReporter -->
<testsuite hostname="DESKTOP-835H1HG" failures="0" tests="1" name="org.testing.TestScripts.videoplaySubscribedChan" time="87.671" errors="0" timestamp="2024-02-22T16:38:11 IST" skipped="0">
  <testcase classname="org.testing.TestScripts.videoplaySubscribedChan" name="videoplayChan" time="87.671"/>
</testsuite> <!-- org.testing.TestScripts.videoplaySubscribedChan -->
