<?xml version="1.0" encoding="UTF-8"?>
<!-- Generated by org.testng.reporters.JUnitReportReporter -->
<testsuite hostname="DESKTOP-835H1HG" failures="0" tests="1" name="org.testing.TestScripts.Subscriptions" time="76.358" errors="0" timestamp="2024-02-29T16:20:05 IST" skipped="0">
  <testcase classname="org.testing.TestScripts.Subscriptions" name="ClickonSubcription" time="76.358"/>
</testsuite> <!-- org.testing.TestScripts.Subscriptions -->
