<?xml version="1.0" encoding="UTF-8"?>
<!-- Generated by org.testng.reporters.JUnitReportReporter -->
<testsuite hostname="DESKTOP-835H1HG" failures="0" tests="1" name="org.testing.TestScripts.Subscriptions" time="72.664" errors="0" timestamp="2024-02-22T16:38:11 IST" skipped="0">
  <testcase classname="org.testing.TestScripts.Subscriptions" name="ClickonSubcription" time="72.664"/>
</testsuite> <!-- org.testing.TestScripts.Subscriptions -->
